2023-04-18 17:46:09 INFO  Log:14 - **********************
2023-04-18 17:46:09 INFO  Log:15 - **********************
2023-04-18 17:46:09 INFO  Log:16 - *********This is the beggining of the test case**********
2023-04-18 17:46:09 INFO  Log:28 - message
2023-04-18 17:46:09 INFO  Log:33 - warning
2023-04-18 17:47:10 INFO  Log:28 - message
2023-04-18 17:47:10 INFO  Log:21 - ###################
2023-04-18 17:47:10 INFO  Log:22 - ###################
2023-04-18 17:47:10 INFO  Log:23 - #########This test case is finished#############
2023-05-13 09:51:12 INFO  Log:14 - **********************
2023-05-13 09:51:12 INFO  Log:15 - **********************
2023-05-13 09:51:12 INFO  Log:16 - *********This is the beggining of the test case**********
2023-05-13 09:51:12 INFO  Log:28 - message
2023-05-13 09:51:12 INFO  Log:33 - warning
2023-05-13 09:51:23 INFO  Log:28 - message
2023-05-13 09:51:23 INFO  Log:21 - ###################
2023-05-13 09:51:23 INFO  Log:22 - ###################
2023-05-13 09:51:23 INFO  Log:23 - #########This test case is finished#############
2023-05-28 08:05:07 INFO  Log:14 - **********************
2023-05-28 08:05:07 INFO  Log:15 - **********************
2023-05-28 08:05:07 INFO  Log:16 - *********This is the beggining of the test case**********
2023-05-28 08:05:07 INFO  Log:28 - message
2023-05-28 08:05:07 INFO  Log:33 - warning
2023-05-28 08:05:08 INFO  Log:28 - message
2023-05-28 08:05:08 INFO  Log:21 - ###################
2023-05-28 08:05:08 INFO  Log:22 - ###################
2023-05-28 08:05:08 INFO  Log:23 - #########This test case is finished#############
2023-05-28 08:07:56 INFO  Log:14 - **********************
2023-05-28 08:07:56 INFO  Log:15 - **********************
2023-05-28 08:07:56 INFO  Log:16 - *********This is the beggining of the test case**********
2023-05-28 08:07:56 INFO  Log:28 - message
2023-05-28 08:07:56 INFO  Log:33 - warning
2023-05-28 08:07:56 INFO  Log:28 - message
2023-05-28 08:07:56 INFO  Log:21 - ###################
2023-05-28 08:07:56 INFO  Log:22 - ###################
2023-05-28 08:07:56 INFO  Log:23 - #########This test case is finished#############
2023-05-28 08:12:44 INFO  Log:14 - **********************
2023-05-28 08:12:44 INFO  Log:15 - **********************
2023-05-28 08:12:44 INFO  Log:16 - *********This is the beggining of the test case**********
2023-05-28 08:12:44 INFO  Log:28 - message
2023-05-28 08:12:44 INFO  Log:33 - warning
2023-05-28 08:12:45 INFO  Log:28 - message
2023-05-28 08:12:45 INFO  Log:21 - ###################
2023-05-28 08:12:45 INFO  Log:22 - ###################
2023-05-28 08:12:45 INFO  Log:23 - #########This test case is finished#############
2023-05-31 19:37:28 INFO  Log:14 - **********************
2023-05-31 19:37:28 INFO  Log:15 - **********************
2023-05-31 19:37:28 INFO  Log:16 - *********This is the beggining of the test case**********
2023-05-31 19:37:28 INFO  Log:28 - message
2023-05-31 19:37:28 INFO  Log:33 - warning
2023-05-31 19:37:37 INFO  Log:28 - message
2023-05-31 19:37:37 INFO  Log:21 - ###################
2023-05-31 19:37:37 INFO  Log:22 - ###################
2023-05-31 19:37:37 INFO  Log:23 - #########This test case is finished#############
2023-05-31 19:37:40 INFO  Log:14 - **********************
2023-05-31 19:37:40 INFO  Log:15 - **********************
2023-05-31 19:37:40 INFO  Log:16 - *********This is the beggining of the test case**********
2023-05-31 19:37:40 INFO  Log:28 - message
2023-05-31 19:37:40 INFO  Log:33 - warning
2023-05-31 19:37:43 INFO  Log:28 - message
2023-05-31 19:37:43 INFO  Log:21 - ###################
2023-05-31 19:37:43 INFO  Log:22 - ###################
2023-05-31 19:37:43 INFO  Log:23 - #########This test case is finished#############
2023-05-31 19:38:19 INFO  Log:14 - **********************
2023-05-31 19:38:19 INFO  Log:15 - **********************
2023-05-31 19:38:19 INFO  Log:16 - *********This is the beggining of the test case**********
2023-05-31 19:38:19 INFO  Log:28 - message
2023-05-31 19:38:19 INFO  Log:33 - warning
2023-05-31 19:38:29 INFO  Log:14 - **********************
2023-05-31 19:38:29 INFO  Log:15 - **********************
2023-05-31 19:38:29 INFO  Log:16 - *********This is the beggining of the test case**********
2023-05-31 19:38:29 INFO  Log:28 - message
2023-05-31 19:38:29 INFO  Log:33 - warning
2023-05-31 19:38:32 INFO  Log:28 - message
2023-05-31 19:38:32 INFO  Log:21 - ###################
2023-05-31 19:38:32 INFO  Log:22 - ###################
2023-05-31 19:38:32 INFO  Log:23 - #########This test case is finished#############
2023-05-31 19:38:58 INFO  Log:14 - **********************
2023-05-31 19:38:58 INFO  Log:15 - **********************
2023-05-31 19:38:58 INFO  Log:16 - *********This is the beggining of the test case**********
2023-05-31 19:38:58 INFO  Log:28 - message
2023-05-31 19:38:58 INFO  Log:33 - warning
2023-05-31 19:39:01 INFO  Log:28 - message
2023-05-31 19:39:01 INFO  Log:21 - ###################
2023-05-31 19:39:01 INFO  Log:22 - ###################
2023-05-31 19:39:01 INFO  Log:23 - #########This test case is finished#############
2023-05-31 19:39:39 INFO  Log:14 - **********************
2023-05-31 19:39:40 INFO  Log:15 - **********************
2023-05-31 19:39:40 INFO  Log:16 - *********This is the beggining of the test case**********
2023-05-31 19:39:40 INFO  Log:28 - message
2023-05-31 19:39:40 INFO  Log:33 - warning
2023-05-31 19:39:42 INFO  Log:28 - message
2023-05-31 19:39:42 INFO  Log:21 - ###################
2023-05-31 19:39:42 INFO  Log:22 - ###################
2023-05-31 19:39:42 INFO  Log:23 - #########This test case is finished#############
2023-05-31 19:41:15 INFO  Log:14 - **********************
2023-05-31 19:41:15 INFO  Log:15 - **********************
2023-05-31 19:41:15 INFO  Log:16 - *********This is the beggining of the test case**********
2023-05-31 19:41:15 INFO  Log:28 - message
2023-05-31 19:41:15 INFO  Log:33 - warning
2023-05-31 19:41:17 INFO  Log:28 - message
2023-05-31 19:41:17 INFO  Log:21 - ###################
2023-05-31 19:41:17 INFO  Log:22 - ###################
2023-05-31 19:41:17 INFO  Log:23 - #########This test case is finished#############
